<?xml version="1.0" encoding="UTF-8"?>
<!-- Generated by org.testng.reporters.JUnitReportReporter -->
<testsuite hostname="Minhs-MacBook-Pro.local" failures="0" tests="1" name="minh.leetcodesync.testing.AppTest" time="0.005" errors="0" timestamp="26 Jan. 2024 23:49:16 GMT" skipped="0">
  <testcase classname="minh.leetcodesync.testing.AppTest" name="test" time="0.005"/>
</testsuite> <!-- minh.leetcodesync.testing.AppTest -->
