<?xml version="1.0" encoding="UTF-8"?>
<testsuite xmlns:xsi="http://www.w3.org/2001/XMLSchema-instance" xsi:noNamespaceSchemaLocation="https://maven.apache.org/surefire/maven-surefire-plugin/xsd/surefire-test-report.xsd" name="TestSuite" time="0.407" tests="1" errors="0" skipped="0" failures="0">
  <properties>
    <property name="gopherProxySet" value="false"/>
    <property name="awt.toolkit" value="sun.lwawt.macosx.LWCToolkit"/>
    <property name="java.specification.version" value="11"/>
    <property name="sun.cpu.isalist" value=""/>
    <property name="sun.jnu.encoding" value="UTF-8"/>
    <property name="java.class.path" value="/Users/huyhoangminhcu/project/leetcodesync/leetcodesync/target/test-classes:/Users/huyhoangminhcu/project/leetcodesync/leetcodesync/target/classes:/Users/huyhoangminhcu/.m2/repository/org/projectlombok/lombok/1.18.8/lombok-1.18.8.jar:/Users/huyhoangminhcu/.m2/repository/com/tvd12/test-util/1.0.5/test-util-1.0.5.jar:/Users/huyhoangminhcu/.m2/repository/org/mockito/mockito-all/1.10.19/mockito-all-1.10.19.jar:/Users/huyhoangminhcu/.m2/repository/org/testng/testng/6.14.3/testng-6.14.3.jar:/Users/huyhoangminhcu/.m2/repository/com/beust/jcommander/1.72/jcommander-1.72.jar:/Users/huyhoangminhcu/.m2/repository/org/apache-extras/beanshell/bsh/2.0b6/bsh-2.0b6.jar:/Users/huyhoangminhcu/.m2/repository/junit/junit/3.8.1/junit-3.8.1.jar:/Users/huyhoangminhcu/.m2/repository/com/squareup/okhttp3/okhttp/4.9.2/okhttp-4.9.2.jar:/Users/huyhoangminhcu/.m2/repository/com/squareup/okio/okio/2.8.0/okio-2.8.0.jar:/Users/huyhoangminhcu/.m2/repository/org/jetbrains/kotlin/kotlin-stdlib-common/1.4.0/kotlin-stdlib-common-1.4.0.jar:/Users/huyhoangminhcu/.m2/repository/org/jetbrains/kotlin/kotlin-stdlib/1.4.10/kotlin-stdlib-1.4.10.jar:/Users/huyhoangminhcu/.m2/repository/org/jetbrains/annotations/13.0/annotations-13.0.jar:/Users/huyhoangminhcu/.m2/repository/org/json/json/20090211/json-20090211.jar:/Users/huyhoangminhcu/.m2/repository/io/github/cdimascio/dotenv-java/3.0.0/dotenv-java-3.0.0.jar:/Users/huyhoangminhcu/.m2/repository/org/apache/logging/log4j/log4j-api/2.22.1/log4j-api-2.22.1.jar:/Users/huyhoangminhcu/.m2/repository/org/apache/logging/log4j/log4j-core/2.22.1/log4j-core-2.22.1.jar:"/>
    <property name="java.vm.vendor" value="Microsoft"/>
    <property name="sun.arch.data.model" value="64"/>
    <property name="java.vendor.url" value="https://www.microsoft.com"/>
    <property name="user.timezone" value=""/>
    <property name="java.vm.specification.version" value="11"/>
    <property name="os.name" value="Mac OS X"/>
    <property name="sun.java.launcher" value="SUN_STANDARD"/>
    <property name="user.country" value="CA"/>
    <property name="sun.boot.library.path" value="/Library/Java/JavaVirtualMachines/microsoft-11.jdk/Contents/Home/lib"/>
    <property name="sun.java.command" value="/Users/huyhoangminhcu/project/leetcodesync/leetcodesync/target/surefire/surefirebooter1382652755830174206.jar /Users/huyhoangminhcu/project/leetcodesync/leetcodesync/target/surefire 2024-01-26T18-49-15_542-jvmRun1 surefire2011190624396061725tmp surefire_07510341074278074735tmp"/>
    <property name="http.nonProxyHosts" value="local|*.local|169.254/16|*.169.254/16"/>
    <property name="jdk.debug" value="release"/>
    <property name="surefire.test.class.path" value="/Users/huyhoangminhcu/project/leetcodesync/leetcodesync/target/test-classes:/Users/huyhoangminhcu/project/leetcodesync/leetcodesync/target/classes:/Users/huyhoangminhcu/.m2/repository/org/projectlombok/lombok/1.18.8/lombok-1.18.8.jar:/Users/huyhoangminhcu/.m2/repository/com/tvd12/test-util/1.0.5/test-util-1.0.5.jar:/Users/huyhoangminhcu/.m2/repository/org/mockito/mockito-all/1.10.19/mockito-all-1.10.19.jar:/Users/huyhoangminhcu/.m2/repository/org/testng/testng/6.14.3/testng-6.14.3.jar:/Users/huyhoangminhcu/.m2/repository/com/beust/jcommander/1.72/jcommander-1.72.jar:/Users/huyhoangminhcu/.m2/repository/org/apache-extras/beanshell/bsh/2.0b6/bsh-2.0b6.jar:/Users/huyhoangminhcu/.m2/repository/junit/junit/3.8.1/junit-3.8.1.jar:/Users/huyhoangminhcu/.m2/repository/com/squareup/okhttp3/okhttp/4.9.2/okhttp-4.9.2.jar:/Users/huyhoangminhcu/.m2/repository/com/squareup/okio/okio/2.8.0/okio-2.8.0.jar:/Users/huyhoangminhcu/.m2/repository/org/jetbrains/kotlin/kotlin-stdlib-common/1.4.0/kotlin-stdlib-common-1.4.0.jar:/Users/huyhoangminhcu/.m2/repository/org/jetbrains/kotlin/kotlin-stdlib/1.4.10/kotlin-stdlib-1.4.10.jar:/Users/huyhoangminhcu/.m2/repository/org/jetbrains/annotations/13.0/annotations-13.0.jar:/Users/huyhoangminhcu/.m2/repository/org/json/json/20090211/json-20090211.jar:/Users/huyhoangminhcu/.m2/repository/io/github/cdimascio/dotenv-java/3.0.0/dotenv-java-3.0.0.jar:/Users/huyhoangminhcu/.m2/repository/org/apache/logging/log4j/log4j-api/2.22.1/log4j-api-2.22.1.jar:/Users/huyhoangminhcu/.m2/repository/org/apache/logging/log4j/log4j-core/2.22.1/log4j-core-2.22.1.jar:"/>
    <property name="sun.cpu.endian" value="little"/>
    <property name="user.home" value="/Users/huyhoangminhcu"/>
    <property name="user.language" value="en"/>
    <property name="java.specification.vendor" value="Oracle Corporation"/>
    <property name="java.version.date" value="2022-08-12"/>
    <property name="java.home" value="/Library/Java/JavaVirtualMachines/microsoft-11.jdk/Contents/Home"/>
    <property name="file.separator" value="/"/>
    <property name="style.color" value="always"/>
    <property name="basedir" value="/Users/huyhoangminhcu/project/leetcodesync/leetcodesync"/>
    <property name="java.vm.compressedOopsMode" value="Zero based"/>
    <property name="line.separator" value="&#10;"/>
    <property name="java.specification.name" value="Java Platform API Specification"/>
    <property name="java.vm.specification.vendor" value="Oracle Corporation"/>
    <property name="java.awt.graphicsenv" value="sun.awt.CGraphicsEnvironment"/>
    <property name="surefire.real.class.path" value="/Users/huyhoangminhcu/project/leetcodesync/leetcodesync/target/surefire/surefirebooter1382652755830174206.jar"/>
    <property name="sun.management.compiler" value="HotSpot 64-Bit Tiered Compilers"/>
    <property name="ftp.nonProxyHosts" value="local|*.local|169.254/16|*.169.254/16"/>
    <property name="java.runtime.version" value="11.0.16.1+1-LTS"/>
    <property name="user.name" value="huyhoangminhcu"/>
    <property name="path.separator" value=":"/>
    <property name="os.version" value="14.1.1"/>
    <property name="java.runtime.name" value="OpenJDK Runtime Environment"/>
    <property name="file.encoding" value="UTF-8"/>
    <property name="java.vm.name" value="OpenJDK 64-Bit Server VM"/>
    <property name="java.vendor.version" value="Microsoft-40648"/>
    <property name="localRepository" value="/Users/huyhoangminhcu/.m2/repository"/>
    <property name="java.vendor.url.bug" value="https://github.com/microsoft/openjdk/issues"/>
    <property name="java.io.tmpdir" value="/var/folders/ml/zzxbwf_52yb_33v9n3jmw24c0000gn/T/"/>
    <property name="java.version" value="11.0.16.1"/>
    <property name="user.dir" value="/Users/huyhoangminhcu/project/leetcodesync/leetcodesync"/>
    <property name="os.arch" value="aarch64"/>
    <property name="java.vm.specification.name" value="Java Virtual Machine Specification"/>
    <property name="java.awt.printerjob" value="sun.lwawt.macosx.CPrinterJob"/>
    <property name="sun.os.patch.level" value="unknown"/>
    <property name="java.library.path" value="/Users/huyhoangminhcu/Library/Java/Extensions:/Library/Java/Extensions:/Network/Library/Java/Extensions:/System/Library/Java/Extensions:/usr/lib/java:."/>
    <property name="java.vm.info" value="mixed mode"/>
    <property name="java.vendor" value="Microsoft"/>
    <property name="java.vm.version" value="11.0.16.1+1-LTS"/>
    <property name="sun.io.unicode.encoding" value="UnicodeBig"/>
    <property name="java.class.version" value="55.0"/>
    <property name="socksNonProxyHosts" value="local|*.local|169.254/16|*.169.254/16"/>
  </properties>
  <testcase name="test" classname="minh.leetcodesync.testing.AppTest" time="0.004"/>
</testsuite>